#
# There is insufficient memory for the Java Runtime Environment to continue.
# Native memory allocation (malloc) failed to allocate 32744 bytes for ChunkPool::allocate
# Possible reasons:
#   The system is out of physical RAM or swap space
#   The process is running with CompressedOops enabled, and the Java Heap may be blocking the growth of the native heap
# Possible solutions:
#   Reduce memory load on the system
#   Increase physical memory or swap space
#   Check if swap backing store is full
#   Decrease Java heap size (-Xmx/-Xms)
#   Decrease number of Java threads
#   Decrease Java thread stack sizes (-Xss)
#   Set larger code cache with -XX:ReservedCodeCacheSize=
#   JVM is running with Unscaled Compressed Oops mode in which the Java heap is
#     placed in the first 4GB address space. The Java Heap base address is the
#     maximum limit for the native heap growth. Please use -XX:HeapBaseMinAddress
#     to set the Java Heap base and to place the Java Heap above 4GB virtual address.
# This output file may be truncated or incomplete.
#
#  Out of Memory Error (./src/hotspot/share/memory/arena.cpp:81), pid=10052, tid=17260
#
# JRE version: OpenJDK Runtime Environment JBR-11.0.12.7-1504.28-dcevm (11.0.12+7) (build 11.0.12+7-b1504.28)
# Java VM: Dynamic Code Evolution 64-Bit Server VM JBR-11.0.12.7-1504.28-dcevm (11.0.12+7-b1504.28, mixed mode, tiered, compressed oops, g1 gc, windows-amd64)
# No core dump will be written. Minidumps are not enabled by default on client versions of Windows
#

---------------  S U M M A R Y ------------

Command Line: -Djava.rmi.server.hostname=127.0.0.1 -Duser.timezone=UTC -Djava.library.path=C:\Users\emre1\AppData\Local\JetBrains\Rider2021.2\jdbc-native-deps\SQL Server\9.4.0\sqlserver-win-auth\x64 -Xmx1500m -Xms128m -Dfile.encoding=UTF-8 com.intellij.database.remote.RemoteJdbcServer com.microsoft.sqlserver.jdbc.SQLServerDriver

Host: AMD Ryzen 5 4600H with Radeon Graphics         , 12 cores, 7G,  Windows 10 , 64 bit Build 19041 (10.0.19041.1202)
Time: Wed Nov 10 21:42:02 2021 Turkey Standard Time elapsed time: 0.195158 seconds (0d 0h 0m 0s)

---------------  T H R E A D  ---------------

Current thread (0x00000193a277e000):  JavaThread "C1 CompilerThread0" daemon [_thread_in_native, id=17260, stack(0x0000006976200000,0x0000006976300000)]


Current CompileTask:
C1:    195  192   !   3       java.util.jar.Attributes::read (390 bytes)

Stack: [0x0000006976200000,0x0000006976300000]
Native frames: (J=compiled Java code, j=interpreted, Vv=VM code, C=native code)
V  [jvm.dll+0x60b23a]
V  [jvm.dll+0x78ffa5]
V  [jvm.dll+0x7915bd]
V  [jvm.dll+0x791c73]
V  [jvm.dll+0x24da48]
V  [jvm.dll+0xc14bb]
V  [jvm.dll+0xc176c]
V  [jvm.dll+0x175a1b]
V  [jvm.dll+0x175f8e]
V  [jvm.dll+0x16d65c]
V  [jvm.dll+0x16ca27]
V  [jvm.dll+0x176c7f]
V  [jvm.dll+0x16dcb8]
V  [jvm.dll+0x171422]
V  [jvm.dll+0x12b38c]
V  [jvm.dll+0x12ae99]
V  [jvm.dll+0x12b003]
V  [jvm.dll+0x12a317]
V  [jvm.dll+0x12bee7]
V  [jvm.dll+0x213a47]
V  [jvm.dll+0x212276]
V  [jvm.dll+0x75819f]
V  [jvm.dll+0x750c65]
V  [jvm.dll+0x60a146]
C  [ucrtbase.dll+0x21bb2]
C  [KERNEL32.DLL+0x17034]
C  [ntdll.dll+0x52651]


---------------  P R O C E S S  ---------------

Threads class SMR info:
_java_thread_list=0x00000193a326b690, length=11, elements={
0x00000193a2754000, 0x00000193a275d000, 0x00000193a2773000, 0x00000193a2774000,
0x00000193a2775000, 0x00000193a2778800, 0x00000193a277e000, 0x00000193a2789800,
0x00000193a3274800, 0x00000193a327c800, 0x00000193891ab800
}

Java Threads: ( => current thread )
  0x00000193a2754000 JavaThread "Reference Handler" daemon [_thread_blocked, id=15020, stack(0x0000006975c00000,0x0000006975d00000)]
  0x00000193a275d000 JavaThread "Finalizer" daemon [_thread_blocked, id=8060, stack(0x0000006975d00000,0x0000006975e00000)]
  0x00000193a2773000 JavaThread "Signal Dispatcher" daemon [_thread_blocked, id=19136, stack(0x0000006975e00000,0x0000006975f00000)]
  0x00000193a2774000 JavaThread "Attach Listener" daemon [_thread_blocked, id=4956, stack(0x0000006975f00000,0x0000006976000000)]
  0x00000193a2775000 JavaThread "Service Thread" daemon [_thread_blocked, id=15088, stack(0x0000006976000000,0x0000006976100000)]
  0x00000193a2778800 JavaThread "C2 CompilerThread0" daemon [_thread_in_native, id=13052, stack(0x0000006976100000,0x0000006976200000)]
=>0x00000193a277e000 JavaThread "C1 CompilerThread0" daemon [_thread_in_native, id=17260, stack(0x0000006976200000,0x0000006976300000)]
  0x00000193a2789800 JavaThread "Sweeper thread" daemon [_thread_blocked, id=8828, stack(0x0000006976300000,0x0000006976400000)]
  0x00000193a3274800 JavaThread "Common-Cleaner" daemon [_thread_blocked, id=12952, stack(0x0000006976500000,0x0000006976600000)]
  0x00000193a327c800 JavaThread "C2 CompilerThread1" daemon [_thread_blocked, id=22200, stack(0x0000006976600000,0x0000006976700000)]
  0x00000193891ab800 JavaThread "DestroyJavaVM" [_thread_blocked, id=23532, stack(0x0000006975500000,0x0000006975600000)]

Other Threads:
  0x00000193a2731000 VMThread "VM Thread" [stack: 0x0000006975b00000,0x0000006975c00000] [id=22096]
  0x00000193a3286000 WatcherThread [stack: 0x0000006976400000,0x0000006976500000] [id=23072]
  0x00000193891c4000 GCTaskThread "GC Thread#0" [stack: 0x0000006975600000,0x0000006975700000] [id=21460]
  0x00000193891ea800 ConcurrentGCThread "G1 Main Marker" [stack: 0x0000006975700000,0x0000006975800000] [id=15852]
  0x00000193891ec800 ConcurrentGCThread "G1 Conc#0" [stack: 0x0000006975800000,0x0000006975900000] [id=11260]
  0x00000193a25a0800 ConcurrentGCThread "G1 Refine#0" [stack: 0x0000006975900000,0x0000006975a00000] [id=13360]
  0x00000193a25a1800 ConcurrentGCThread "G1 Young RemSet Sampling" [stack: 0x0000006975a00000,0x0000006975b00000] [id=11304]

Threads with active compile tasks:
C2 CompilerThread0    208  191       4       java.util.jar.Manifest$FastInputStream::readLine (296 bytes)
C1 CompilerThread0    208  192   !   3       java.util.jar.Attributes::read (390 bytes)

VM state:not at safepoint (normal execution)

VM Mutex/Monitor currently owned by a thread: None

OutOfMemory and StackOverflow Exception counts:
OutOfMemoryError java_heap_errors=1

Heap address: 0x00000000a2400000, size: 1500 MB, Compressed Oops mode: 32-bit
Narrow klass base: 0x0000000000000000, Narrow klass shift: 3
Compressed class space size: 1073741824 Address: 0x0000000100000000

Heap:
 garbage-first heap   total 131072K, used 3072K [0x00000000a2400000, 0x0000000100000000)
  region size 1024K, 3 young (3072K), 0 survivors (0K)
 Metaspace       used 6092K, capacity 6203K, committed 6528K, reserved 1056768K
  class space    used 524K, capacity 532K, committed 640K, reserved 1048576K
Heap Regions: E=young(eden), S=young(survivor), O=old, HS=humongous(starts), HC=humongous(continues), CS=collection set, F=free, A=archive, TAMS=top-at-mark-start (previous, next)
|   0|0x00000000a2400000, 0x00000000a2500000, 0x00000000a2500000|100%|HS|  |TAMS 0x00000000a2400000, 0x00000000a2400000| Complete 
|   1|0x00000000a2500000, 0x00000000a2500000, 0x00000000a2600000|  0%| F|  |TAMS 0x00000000a2500000, 0x00000000a2500000| Untracked 
|   2|0x00000000a2600000, 0x00000000a2600000, 0x00000000a2700000|  0%| F|  |TAMS 0x00000000a2600000, 0x00000000a2600000| Untracked 
|   3|0x00000000a2700000, 0x00000000a2700000, 0x00000000a2800000|  0%| F|  |TAMS 0x00000000a2700000, 0x00000000a2700000| Untracked 
|   4|0x00000000a2800000, 0x00000000a2800000, 0x00000000a2900000|  0%| F|  |TAMS 0x00000000a2800000, 0x00000000a2800000| Untracked 
|   5|0x00000000a2900000, 0x00000000a2900000, 0x00000000a2a00000|  0%| F|  |TAMS 0x00000000a2900000, 0x00000000a2900000| Untracked 
|   6|0x00000000a2a00000, 0x00000000a2a00000, 0x00000000a2b00000|  0%| F|  |TAMS 0x00000000a2a00000, 0x00000000a2a00000| Untracked 
|   7|0x00000000a2b00000, 0x00000000a2b00000, 0x00000000a2c00000|  0%| F|  |TAMS 0x00000000a2b00000, 0x00000000a2b00000| Untracked 
|   8|0x00000000a2c00000, 0x00000000a2c00000, 0x00000000a2d00000|  0%| F|  |TAMS 0x00000000a2c00000, 0x00000000a2c00000| Untracked 
|   9|0x00000000a2d00000, 0x00000000a2d00000, 0x00000000a2e00000|  0%| F|  |TAMS 0x00000000a2d00000, 0x00000000a2d00000| Untracked 
|  10|0x00000000a2e00000, 0x00000000a2e00000, 0x00000000a2f00000|  0%| F|  |TAMS 0x00000000a2e00000, 0x00000000a2e00000| Untracked 
|  11|0x00000000a2f00000, 0x00000000a2f00000, 0x00000000a3000000|  0%| F|  |TAMS 0x00000000a2f00000, 0x00000000a2f00000| Untracked 
|  12|0x00000000a3000000, 0x00000000a3000000, 0x00000000a3100000|  0%| F|  |TAMS 0x00000000a3000000, 0x00000000a3000000| Untracked 
|  13|0x00000000a3100000, 0x00000000a3100000, 0x00000000a3200000|  0%| F|  |TAMS 0x00000000a3100000, 0x00000000a3100000| Untracked 
|  14|0x00000000a3200000, 0x00000000a3200000, 0x00000000a3300000|  0%| F|  |TAMS 0x00000000a3200000, 0x00000000a3200000| Untracked 
|  15|0x00000000a3300000, 0x00000000a3300000, 0x00000000a3400000|  0%| F|  |TAMS 0x00000000a3300000, 0x00000000a3300000| Untracked 
|  16|0x00000000a3400000, 0x00000000a3400000, 0x00000000a3500000|  0%| F|  |TAMS 0x00000000a3400000, 0x00000000a3400000| Untracked 
|  17|0x00000000a3500000, 0x00000000a3500000, 0x00000000a3600000|  0%| F|  |TAMS 0x00000000a3500000, 0x00000000a3500000| Untracked 
|  18|0x00000000a3600000, 0x00000000a3600000, 0x00000000a3700000|  0%| F|  |TAMS 0x00000000a3600000, 0x00000000a3600000| Untracked 
|  19|0x00000000a3700000, 0x00000000a3700000, 0x00000000a3800000|  0%| F|  |TAMS 0x00000000a3700000, 0x00000000a3700000| Untracked 
|  20|0x00000000a3800000, 0x00000000a3800000, 0x00000000a3900000|  0%| F|  |TAMS 0x00000000a3800000, 0x00000000a3800000| Untracked 
|  21|0x00000000a3900000, 0x00000000a3900000, 0x00000000a3a00000|  0%| F|  |TAMS 0x00000000a3900000, 0x00000000a3900000| Untracked 
|  22|0x00000000a3a00000, 0x00000000a3a00000, 0x00000000a3b00000|  0%| F|  |TAMS 0x00000000a3a00000, 0x00000000a3a00000| Untracked 
|  23|0x00000000a3b00000, 0x00000000a3b00000, 0x00000000a3c00000|  0%| F|  |TAMS 0x00000000a3b00000, 0x00000000a3b00000| Untracked 
|  24|0x00000000a3c00000, 0x00000000a3c00000, 0x00000000a3d00000|  0%| F|  |TAMS 0x00000000a3c00000, 0x00000000a3c00000| Untracked 
|  25|0x00000000a3d00000, 0x00000000a3d00000, 0x00000000a3e00000|  0%| F|  |TAMS 0x00000000a3d00000, 0x00000000a3d00000| Untracked 
|  26|0x00000000a3e00000, 0x00000000a3e00000, 0x00000000a3f00000|  0%| F|  |TAMS 0x00000000a3e00000, 0x00000000a3e00000| Untracked 
|  27|0x00000000a3f00000, 0x00000000a3f00000, 0x00000000a4000000|  0%| F|  |TAMS 0x00000000a3f00000, 0x00000000a3f00000| Untracked 
|  28|0x00000000a4000000, 0x00000000a4000000, 0x00000000a4100000|  0%| F|  |TAMS 0x00000000a4000000, 0x00000000a4000000| Untracked 
|  29|0x00000000a4100000, 0x00000000a4100000, 0x00000000a4200000|  0%| F|  |TAMS 0x00000000a4100000, 0x00000000a4100000| Untracked 
|  30|0x00000000a4200000, 0x00000000a4200000, 0x00000000a4300000|  0%| F|  |TAMS 0x00000000a4200000, 0x00000000a4200000| Untracked 
|  31|0x00000000a4300000, 0x00000000a4300000, 0x00000000a4400000|  0%| F|  |TAMS 0x00000000a4300000, 0x00000000a4300000| Untracked 
|  32|0x00000000a4400000, 0x00000000a4400000, 0x00000000a4500000|  0%| F|  |TAMS 0x00000000a4400000, 0x00000000a4400000| Untracked 
|  33|0x00000000a4500000, 0x00000000a4500000, 0x00000000a4600000|  0%| F|  |TAMS 0x00000000a4500000, 0x00000000a4500000| Untracked 
|  34|0x00000000a4600000, 0x00000000a4600000, 0x00000000a4700000|  0%| F|  |TAMS 0x00000000a4600000, 0x00000000a4600000| Untracked 
|  35|0x00000000a4700000, 0x00000000a4700000, 0x00000000a4800000|  0%| F|  |TAMS 0x00000000a4700000, 0x00000000a4700000| Untracked 
|  36|0x00000000a4800000, 0x00000000a4800000, 0x00000000a4900000|  0%| F|  |TAMS 0x00000000a4800000, 0x00000000a4800000| Untracked 
|  37|0x00000000a4900000, 0x00000000a4900000, 0x00000000a4a00000|  0%| F|  |TAMS 0x00000000a4900000, 0x00000000a4900000| Untracked 
|  38|0x00000000a4a00000, 0x00000000a4a00000, 0x00000000a4b00000|  0%| F|  |TAMS 0x00000000a4a00000, 0x00000000a4a00000| Untracked 
|  39|0x00000000a4b00000, 0x00000000a4b00000, 0x00000000a4c00000|  0%| F|  |TAMS 0x00000000a4b00000, 0x00000000a4b00000| Untracked 
|  40|0x00000000a4c00000, 0x00000000a4c00000, 0x00000000a4d00000|  0%| F|  |TAMS 0x00000000a4c00000, 0x00000000a4c00000| Untracked 
|  41|0x00000000a4d00000, 0x00000000a4d00000, 0x00000000a4e00000|  0%| F|  |TAMS 0x00000000a4d00000, 0x00000000a4d00000| Untracked 
|  42|0x00000000a4e00000, 0x00000000a4e00000, 0x00000000a4f00000|  0%| F|  |TAMS 0x00000000a4e00000, 0x00000000a4e00000| Untracked 
|  43|0x00000000a4f00000, 0x00000000a4f00000, 0x00000000a5000000|  0%| F|  |TAMS 0x00000000a4f00000, 0x00000000a4f00000| Untracked 
|  44|0x00000000a5000000, 0x00000000a5000000, 0x00000000a5100000|  0%| F|  |TAMS 0x00000000a5000000, 0x00000000a5000000| Untracked 
|  45|0x00000000a5100000, 0x00000000a5100000, 0x00000000a5200000|  0%| F|  |TAMS 0x00000000a5100000, 0x00000000a5100000| Untracked 
|  46|0x00000000a5200000, 0x00000000a5200000, 0x00000000a5300000|  0%| F|  |TAMS 0x00000000a5200000, 0x00000000a5200000| Untracked 
|  47|0x00000000a5300000, 0x00000000a5300000, 0x00000000a5400000|  0%| F|  |TAMS 0x00000000a5300000, 0x00000000a5300000| Untracked 
|  48|0x00000000a5400000, 0x00000000a5400000, 0x00000000a5500000|  0%| F|  |TAMS 0x00000000a5400000, 0x00000000a5400000| Untracked 
|  49|0x00000000a5500000, 0x00000000a5500000, 0x00000000a5600000|  0%| F|  |TAMS 0x00000000a5500000, 0x00000000a5500000| Untracked 
|  50|0x00000000a5600000, 0x00000000a5600000, 0x00000000a5700000|  0%| F|  |TAMS 0x00000000a5600000, 0x00000000a5600000| Untracked 
|  51|0x00000000a5700000, 0x00000000a5700000, 0x00000000a5800000|  0%| F|  |TAMS 0x00000000a5700000, 0x00000000a5700000| Untracked 
|  52|0x00000000a5800000, 0x00000000a5800000, 0x00000000a5900000|  0%| F|  |TAMS 0x00000000a5800000, 0x00000000a5800000| Untracked 
|  53|0x00000000a5900000, 0x00000000a5900000, 0x00000000a5a00000|  0%| F|  |TAMS 0x00000000a5900000, 0x00000000a5900000| Untracked 
|  54|0x00000000a5a00000, 0x00000000a5a00000, 0x00000000a5b00000|  0%| F|  |TAMS 0x00000000a5a00000, 0x00000000a5a00000| Untracked 
|  55|0x00000000a5b00000, 0x00000000a5b00000, 0x00000000a5c00000|  0%| F|  |TAMS 0x00000000a5b00000, 0x00000000a5b00000| Untracked 
|  56|0x00000000a5c00000, 0x00000000a5c00000, 0x00000000a5d00000|  0%| F|  |TAMS 0x00000000a5c00000, 0x00000000a5c00000| Untracked 
|  57|0x00000000a5d00000, 0x00000000a5d00000, 0x00000000a5e00000|  0%| F|  |TAMS 0x00000000a5d00000, 0x00000000a5d00000| Untracked 
|  58|0x00000000a5e00000, 0x00000000a5e00000, 0x00000000a5f00000|  0%| F|  |TAMS 0x00000000a5e00000, 0x00000000a5e00000| Untracked 
|  59|0x00000000a5f00000, 0x00000000a5f00000, 0x00000000a6000000|  0%| F|  |TAMS 0x00000000a5f00000, 0x00000000a5f00000| Untracked 
|  60|0x00000000a6000000, 0x00000000a6000000, 0x00000000a6100000|  0%| F|  |TAMS 0x00000000a6000000, 0x00000000a6000000| Untracked 
|  61|0x00000000a6100000, 0x00000000a6100000, 0x00000000a6200000|  0%| F|  |TAMS 0x00000000a6100000, 0x00000000a6100000| Untracked 
|  62|0x00000000a6200000, 0x00000000a6200000, 0x00000000a6300000|  0%| F|  |TAMS 0x00000000a6200000, 0x00000000a6200000| Untracked 
|  63|0x00000000a6300000, 0x00000000a6300000, 0x00000000a6400000|  0%| F|  |TAMS 0x00000000a6300000, 0x00000000a6300000| Untracked 
|  64|0x00000000a6400000, 0x00000000a6400000, 0x00000000a6500000|  0%| F|  |TAMS 0x00000000a6400000, 0x00000000a6400000| Untracked 
|  65|0x00000000a6500000, 0x00000000a6500000, 0x00000000a6600000|  0%| F|  |TAMS 0x00000000a6500000, 0x00000000a6500000| Untracked 
|  66|0x00000000a6600000, 0x00000000a6600000, 0x00000000a6700000|  0%| F|  |TAMS 0x00000000a6600000, 0x00000000a6600000| Untracked 
|  67|0x00000000a6700000, 0x00000000a6700000, 0x00000000a6800000|  0%| F|  |TAMS 0x00000000a6700000, 0x00000000a6700000| Untracked 
|  68|0x00000000a6800000, 0x00000000a6800000, 0x00000000a6900000|  0%| F|  |TAMS 0x00000000a6800000, 0x00000000a6800000| Untracked 
|  69|0x00000000a6900000, 0x00000000a6900000, 0x00000000a6a00000|  0%| F|  |TAMS 0x00000000a6900000, 0x00000000a6900000| Untracked 
|  70|0x00000000a6a00000, 0x00000000a6a00000, 0x00000000a6b00000|  0%| F|  |TAMS 0x00000000a6a00000, 0x00000000a6a00000| Untracked 
|  71|0x00000000a6b00000, 0x00000000a6b00000, 0x00000000a6c00000|  0%| F|  |TAMS 0x00000000a6b00000, 0x00000000a6b00000| Untracked 
|  72|0x00000000a6c00000, 0x00000000a6c00000, 0x00000000a6d00000|  0%| F|  |TAMS 0x00000000a6c00000, 0x00000000a6c00000| Untracked 
|  73|0x00000000a6d00000, 0x00000000a6d00000, 0x00000000a6e00000|  0%| F|  |TAMS 0x00000000a6d00000, 0x00000000a6d00000| Untracked 
|  74|0x00000000a6e00000, 0x00000000a6e00000, 0x00000000a6f00000|  0%| F|  |TAMS 0x00000000a6e00000, 0x00000000a6e00000| Untracked 
|  75|0x00000000a6f00000, 0x00000000a6f00000, 0x00000000a7000000|  0%| F|  |TAMS 0x00000000a6f00000, 0x00000000a6f00000| Untracked 
|  76|0x00000000a7000000, 0x00000000a7000000, 0x00000000a7100000|  0%| F|  |TAMS 0x00000000a7000000, 0x00000000a7000000| Untracked 
|  77|0x00000000a7100000, 0x00000000a7100000, 0x00000000a7200000|  0%| F|  |TAMS 0x00000000a7100000, 0x00000000a7100000| Untracked 
|  78|0x00000000a7200000, 0x00000000a7200000, 0x00000000a7300000|  0%| F|  |TAMS 0x00000000a7200000, 0x00000000a7200000| Untracked 
|  79|0x00000000a7300000, 0x00000000a7300000, 0x00000000a7400000|  0%| F|  |TAMS 0x00000000a7300000, 0x00000000a7300000| Untracked 
|  80|0x00000000a7400000, 0x00000000a7400000, 0x00000000a7500000|  0%| F|  |TAMS 0x00000000a7400000, 0x00000000a7400000| Untracked 
|  81|0x00000000a7500000, 0x00000000a7500000, 0x00000000a7600000|  0%| F|  |TAMS 0x00000000a7500000, 0x00000000a7500000| Untracked 
|  82|0x00000000a7600000, 0x00000000a7600000, 0x00000000a7700000|  0%| F|  |TAMS 0x00000000a7600000, 0x00000000a7600000| Untracked 
|  83|0x00000000a7700000, 0x00000000a7700000, 0x00000000a7800000|  0%| F|  |TAMS 0x00000000a7700000, 0x00000000a7700000| Untracked 
|  84|0x00000000a7800000, 0x00000000a7800000, 0x00000000a7900000|  0%| F|  |TAMS 0x00000000a7800000, 0x00000000a7800000| Untracked 
|  85|0x00000000a7900000, 0x00000000a7900000, 0x00000000a7a00000|  0%| F|  |TAMS 0x00000000a7900000, 0x00000000a7900000| Untracked 
|  86|0x00000000a7a00000, 0x00000000a7a00000, 0x00000000a7b00000|  0%| F|  |TAMS 0x00000000a7a00000, 0x00000000a7a00000| Untracked 
|  87|0x00000000a7b00000, 0x00000000a7b00000, 0x00000000a7c00000|  0%| F|  |TAMS 0x00000000a7b00000, 0x00000000a7b00000| Untracked 
|  88|0x00000000a7c00000, 0x00000000a7c00000, 0x00000000a7d00000|  0%| F|  |TAMS 0x00000000a7c00000, 0x00000000a7c00000| Untracked 
|  89|0x00000000a7d00000, 0x00000000a7d00000, 0x00000000a7e00000|  0%| F|  |TAMS 0x00000000a7d00000, 0x00000000a7d00000| Untracked 
|  90|0x00000000a7e00000, 0x00000000a7e00000, 0x00000000a7f00000|  0%| F|  |TAMS 0x00000000a7e00000, 0x00000000a7e00000| Untracked 
|  91|0x00000000a7f00000, 0x00000000a7f00000, 0x00000000a8000000|  0%| F|  |TAMS 0x00000000a7f00000, 0x00000000a7f00000| Untracked 
|  92|0x00000000a8000000, 0x00000000a8000000, 0x00000000a8100000|  0%| F|  |TAMS 0x00000000a8000000, 0x00000000a8000000| Untracked 
|  93|0x00000000a8100000, 0x00000000a8100000, 0x00000000a8200000|  0%| F|  |TAMS 0x00000000a8100000, 0x00000000a8100000| Untracked 
|  94|0x00000000a8200000, 0x00000000a8200000, 0x00000000a8300000|  0%| F|  |TAMS 0x00000000a8200000, 0x00000000a8200000| Untracked 
|  95|0x00000000a8300000, 0x00000000a8300000, 0x00000000a8400000|  0%| F|  |TAMS 0x00000000a8300000, 0x00000000a8300000| Untracked 
|  96|0x00000000a8400000, 0x00000000a8400000, 0x00000000a8500000|  0%| F|  |TAMS 0x00000000a8400000, 0x00000000a8400000| Untracked 
|  97|0x00000000a8500000, 0x00000000a8500000, 0x00000000a8600000|  0%| F|  |TAMS 0x00000000a8500000, 0x00000000a8500000| Untracked 
|  98|0x00000000a8600000, 0x00000000a8600000, 0x00000000a8700000|  0%| F|  |TAMS 0x00000000a8600000, 0x00000000a8600000| Untracked 
|  99|0x00000000a8700000, 0x00000000a8700000, 0x00000000a8800000|  0%| F|  |TAMS 0x00000000a8700000, 0x00000000a8700000| Untracked 
| 100|0x00000000a8800000, 0x00000000a8800000, 0x00000000a8900000|  0%| F|  |TAMS 0x00000000a8800000, 0x00000000a8800000| Untracked 
| 101|0x00000000a8900000, 0x00000000a8900000, 0x00000000a8a00000|  0%| F|  |TAMS 0x00000000a8900000, 0x00000000a8900000| Untracked 
| 102|0x00000000a8a00000, 0x00000000a8a00000, 0x00000000a8b00000|  0%| F|  |TAMS 0x00000000a8a00000, 0x00000000a8a00000| Untracked 
| 103|0x00000000a8b00000, 0x00000000a8b00000, 0x00000000a8c00000|  0%| F|  |TAMS 0x00000000a8b00000, 0x00000000a8b00000| Untracked 
| 104|0x00000000a8c00000, 0x00000000a8c00000, 0x00000000a8d00000|  0%| F|  |TAMS 0x00000000a8c00000, 0x00000000a8c00000| Untracked 
| 105|0x00000000a8d00000, 0x00000000a8d00000, 0x00000000a8e00000|  0%| F|  |TAMS 0x00000000a8d00000, 0x00000000a8d00000| Untracked 
| 106|0x00000000a8e00000, 0x00000000a8e00000, 0x00000000a8f00000|  0%| F|  |TAMS 0x00000000a8e00000, 0x00000000a8e00000| Untracked 
| 107|0x00000000a8f00000, 0x00000000a8f00000, 0x00000000a9000000|  0%| F|  |TAMS 0x00000000a8f00000, 0x00000000a8f00000| Untracked 
| 108|0x00000000a9000000, 0x00000000a9000000, 0x00000000a9100000|  0%| F|  |TAMS 0x00000000a9000000, 0x00000000a9000000| Untracked 
| 109|0x00000000a9100000, 0x00000000a9100000, 0x00000000a9200000|  0%| F|  |TAMS 0x00000000a9100000, 0x00000000a9100000| Untracked 
| 110|0x00000000a9200000, 0x00000000a9200000, 0x00000000a9300000|  0%| F|  |TAMS 0x00000000a9200000, 0x00000000a9200000| Untracked 
| 111|0x00000000a9300000, 0x00000000a9300000, 0x00000000a9400000|  0%| F|  |TAMS 0x00000000a9300000, 0x00000000a9300000| Untracked 
| 112|0x00000000a9400000, 0x00000000a9400000, 0x00000000a9500000|  0%| F|  |TAMS 0x00000000a9400000, 0x00000000a9400000| Untracked 
| 113|0x00000000a9500000, 0x00000000a9500000, 0x00000000a9600000|  0%| F|  |TAMS 0x00000000a9500000, 0x00000000a9500000| Untracked 
| 114|0x00000000a9600000, 0x00000000a9600000, 0x00000000a9700000|  0%| F|  |TAMS 0x00000000a9600000, 0x00000000a9600000| Untracked 
| 115|0x00000000a9700000, 0x00000000a9700000, 0x00000000a9800000|  0%| F|  |TAMS 0x00000000a9700000, 0x00000000a9700000| Untracked 
| 116|0x00000000a9800000, 0x00000000a9800000, 0x00000000a9900000|  0%| F|  |TAMS 0x00000000a9800000, 0x00000000a9800000| Untracked 
| 117|0x00000000a9900000, 0x00000000a9900000, 0x00000000a9a00000|  0%| F|  |TAMS 0x00000000a9900000, 0x00000000a9900000| Untracked 
| 118|0x00000000a9a00000, 0x00000000a9a00000, 0x00000000a9b00000|  0%| F|  |TAMS 0x00000000a9a00000, 0x00000000a9a00000| Untracked 
| 119|0x00000000a9b00000, 0x00000000a9b00000, 0x00000000a9c00000|  0%| F|  |TAMS 0x00000000a9b00000, 0x00000000a9b00000| Untracked 
| 120|0x00000000a9c00000, 0x00000000a9c00000, 0x00000000a9d00000|  0%| F|  |TAMS 0x00000000a9c00000, 0x00000000a9c00000| Untracked 
| 121|0x00000000a9d00000, 0x00000000a9d00000, 0x00000000a9e00000|  0%| F|  |TAMS 0x00000000a9d00000, 0x00000000a9d00000| Untracked 
| 122|0x00000000a9e00000, 0x00000000a9e00000, 0x00000000a9f00000|  0%| F|  |TAMS 0x00000000a9e00000, 0x00000000a9e00000| Untracked 
| 123|0x00000000a9f00000, 0x00000000a9f00000, 0x00000000aa000000|  0%| F|  |TAMS 0x00000000a9f00000, 0x00000000a9f00000| Untracked 
| 124|0x00000000aa000000, 0x00000000aa000000, 0x00000000aa100000|  0%| F|  |TAMS 0x00000000aa000000, 0x00000000aa000000| Untracked 
| 125|0x00000000aa100000, 0x00000000aa200000, 0x00000000aa200000|100%| E|  |TAMS 0x00000000aa100000, 0x00000000aa100000| Complete 
| 126|0x00000000aa200000, 0x00000000aa300000, 0x00000000aa300000|100%| E|CS|TAMS 0x00000000aa200000, 0x00000000aa200000| Complete 
| 127|0x00000000aa300000, 0x00000000aa400000, 0x00000000aa400000|100%| E|CS|TAMS 0x00000000aa300000, 0x00000000aa300000| Complete 

Card table byte_map: [0x000001939c630000,0x000001939c920000] _byte_map_base: 0x000001939c11e000

Marking Bits (Prev, Next): (CMBitMap*) 0x00000193891e3a18, (CMBitMap*) 0x00000193891e3a50
 Prev Bits: [0x000001939cc10000, 0x000001939e380000)
 Next Bits: [0x000001939e380000, 0x000001939faf0000)

Polling page: 0x0000019387110000

Metaspace:

Usage:
  Non-class:      5.54 MB capacity,     5.44 MB ( 98%) used,   100.25 KB (  2%) free+waste,     2.50 KB ( <1%) overhead. 
      Class:    532.00 KB capacity,   524.05 KB ( 99%) used,     6.89 KB (  1%) free+waste,     1.06 KB ( <1%) overhead. 
       Both:      6.06 MB capacity,     5.95 MB ( 98%) used,   107.14 KB (  2%) free+waste,     3.56 KB ( <1%) overhead. 

Virtual space:
  Non-class space:        8.00 MB reserved,       5.75 MB ( 72%) committed 
      Class space:        1.00 GB reserved,     640.00 KB ( <1%) committed 
             Both:        1.01 GB reserved,       6.38 MB ( <1%) committed 

Chunk freelists:
   Non-Class:  25.00 KB
       Class:  12.00 KB
        Both:  37.00 KB

MaxMetaspaceSize: 17179869184.00 GB
CompressedClassSpaceSize: 1.00 GB
Initial GC threshold: 20.80 MB
Current GC threshold: 20.80 MB
CDS: off

CodeHeap 'non-profiled nmethods': size=120000Kb used=55Kb max_used=55Kb free=119945Kb
 bounds [0x00000193948c0000, 0x0000019394b30000, 0x000001939bdf0000]
CodeHeap 'profiled nmethods': size=120000Kb used=230Kb max_used=230Kb free=119769Kb
 bounds [0x000001938d390000, 0x000001938d600000, 0x00000193948c0000]
CodeHeap 'non-nmethods': size=5760Kb used=1096Kb max_used=1107Kb free=4663Kb
 bounds [0x000001938cdf0000, 0x000001938d060000, 0x000001938d390000]
 total_blobs=518 nmethods=186 adapters=245
 compilation: enabled
              stopped_count=0, restarted_count=0
 full_count=0

Compilation events (20 events):
Event: 0.188 Thread 0x00000193a277e000 nmethod 177 0x000001938d3c4810 code [0x000001938d3c49e0, 0x000001938d3c4cd8]
Event: 0.188 Thread 0x00000193a277e000  178       1       java.util.jar.Attributes$Name::hashCode (5 bytes)
Event: 0.188 Thread 0x00000193a277e000 nmethod 178 0x00000193948cd190 code [0x00000193948cd340, 0x00000193948cd3f8]
Event: 0.188 Thread 0x00000193a277e000  179       3       java.util.jar.Manifest$FastInputStream::peek (38 bytes)
Event: 0.188 Thread 0x00000193a277e000 nmethod 179 0x000001938d3c4e90 code [0x000001938d3c5060, 0x000001938d3c5268]
Event: 0.188 Thread 0x00000193a277e000  181       3       java.util.jar.Manifest$FastInputStream::readLine (9 bytes)
Event: 0.189 Thread 0x00000193a277e000 nmethod 181 0x000001938d3c5390 code [0x000001938d3c5540, 0x000001938d3c5688]
Event: 0.189 Thread 0x00000193a277e000  182       3       java.lang.StringCoding$Result::with (12 bytes)
Event: 0.189 Thread 0x00000193a277e000 nmethod 182 0x000001938d3c5790 code [0x000001938d3c5940, 0x000001938d3c5a98]
Event: 0.189 Thread 0x00000193a277e000  183       3       java.util.jar.Manifest::toLower (24 bytes)
Event: 0.189 Thread 0x00000193a277e000 nmethod 183 0x000001938d3c5b10 code [0x000001938d3c5cc0, 0x000001938d3c5e58]
Event: 0.189 Thread 0x00000193a277e000  180       1       java.util.LinkedHashMap::removeEldestEntry (2 bytes)
Event: 0.189 Thread 0x00000193a277e000 nmethod 180 0x00000193948cd490 code [0x00000193948cd640, 0x00000193948cd6f8]
Event: 0.189 Thread 0x00000193a277e000  185       3       java.lang.String::<init> (55 bytes)
Event: 0.189 Thread 0x00000193a277e000 nmethod 185 0x000001938d3c5f10 code [0x000001938d3c6100, 0x000001938d3c6468]
Event: 0.189 Thread 0x00000193a277e000  186   !   3       java.lang.StringCoding::decode (300 bytes)
Event: 0.190 Thread 0x00000193a2778800  191       4       java.util.jar.Manifest$FastInputStream::readLine (296 bytes)
Event: 0.190 Thread 0x00000193a327c800  193       4       java.lang.StringCoding::hasNegatives (25 bytes)
Event: 0.191 Thread 0x00000193a277e000 nmethod 186 0x000001938d3c6610 code [0x000001938d3c6a80, 0x000001938d3c8e08]
Event: 0.191 Thread 0x00000193a277e000  192   !   3       java.util.jar.Attributes::read (390 bytes)

GC Heap History (0 events):
No events

Deoptimization events (20 events):
Event: 0.141 Thread 0x00000193891ab800 DEOPT PACKING pc=0x000001938d3b008e sp=0x00000069755fad70
Event: 0.141 Thread 0x00000193891ab800 DEOPT UNPACKING pc=0x000001938ce3a95e sp=0x00000069755fa210 mode 0
Event: 0.141 Thread 0x00000193891ab800 DEOPT PACKING pc=0x000001938d3b008e sp=0x00000069755fad70
Event: 0.141 Thread 0x00000193891ab800 DEOPT UNPACKING pc=0x000001938ce3a95e sp=0x00000069755fa210 mode 0
Event: 0.141 Thread 0x00000193891ab800 DEOPT PACKING pc=0x000001938d3b008e sp=0x00000069755fad70
Event: 0.141 Thread 0x00000193891ab800 DEOPT UNPACKING pc=0x000001938ce3a95e sp=0x00000069755fa210 mode 0
Event: 0.142 Thread 0x00000193891ab800 DEOPT PACKING pc=0x000001938d3b008e sp=0x00000069755fad70
Event: 0.142 Thread 0x00000193891ab800 DEOPT UNPACKING pc=0x000001938ce3a95e sp=0x00000069755fa210 mode 0
Event: 0.142 Thread 0x00000193891ab800 DEOPT PACKING pc=0x000001938d3b008e sp=0x00000069755fad70
Event: 0.142 Thread 0x00000193891ab800 DEOPT UNPACKING pc=0x000001938ce3a95e sp=0x00000069755fa210 mode 0
Event: 0.142 Thread 0x00000193891ab800 DEOPT PACKING pc=0x000001938d3b008e sp=0x00000069755fad70
Event: 0.142 Thread 0x00000193891ab800 DEOPT UNPACKING pc=0x000001938ce3a95e sp=0x00000069755fa210 mode 0
Event: 0.142 Thread 0x00000193891ab800 DEOPT PACKING pc=0x000001938d3b008e sp=0x00000069755fad70
Event: 0.142 Thread 0x00000193891ab800 DEOPT UNPACKING pc=0x000001938ce3a95e sp=0x00000069755fa210 mode 0
Event: 0.142 Thread 0x00000193891ab800 DEOPT PACKING pc=0x000001938d3b008e sp=0x00000069755fad70
Event: 0.142 Thread 0x00000193891ab800 DEOPT UNPACKING pc=0x000001938ce3a95e sp=0x00000069755fa210 mode 0
Event: 0.142 Thread 0x00000193891ab800 DEOPT PACKING pc=0x000001938d3b008e sp=0x00000069755fad70
Event: 0.142 Thread 0x00000193891ab800 DEOPT UNPACKING pc=0x000001938ce3a95e sp=0x00000069755fa210 mode 0
Event: 0.142 Thread 0x00000193891ab800 DEOPT PACKING pc=0x000001938d3b008e sp=0x00000069755fad70
Event: 0.142 Thread 0x00000193891ab800 DEOPT UNPACKING pc=0x000001938ce3a95e sp=0x00000069755fa210 mode 0

Classes redefined (0 events):
No events

Internal exceptions (0 events):
No events

Events (20 events):
Event: 0.182 loading class java/util/regex/CharPredicates
Event: 0.182 loading class java/util/regex/CharPredicates done
Event: 0.183 loading class java/util/regex/Pattern$BmpCharPropertyGreedy
Event: 0.183 loading class java/util/regex/Pattern$BmpCharPropertyGreedy done
Event: 0.183 loading class java/util/regex/Pattern$BnM
Event: 0.183 loading class java/util/regex/Pattern$BnM done
Event: 0.183 loading class java/util/regex/Pattern$SliceS
Event: 0.183 loading class java/util/regex/Pattern$SliceS done
Event: 0.183 loading class com/microsoft/sqlserver/jdbc/SQLServerDriver
Event: 0.183 loading class com/microsoft/sqlserver/jdbc/SQLServerDriver done
Event: 0.187 loading class java/util/jar/JarVerifier
Event: 0.187 loading class java/util/jar/JarVerifier done
Event: 0.187 loading class java/security/CodeSigner
Event: 0.187 loading class java/security/CodeSigner done
Event: 0.187 loading class java/io/ByteArrayOutputStream
Event: 0.187 loading class java/io/ByteArrayOutputStream done
Event: 0.192 loading class sun/security/util/ManifestEntryVerifier
Event: 0.192 loading class sun/security/util/ManifestEntryVerifier done
Event: 0.193 loading class sun/security/util/SignatureFileVerifier
Event: 0.193 loading class sun/security/util/SignatureFileVerifier done


Dynamic libraries:
0x00007ff7e5df0000 - 0x00007ff7e5dfa000 	C:\Program Files\JetBrains\JetBrains Rider 2021.2.2\jbr\bin\java.exe
0x00007ffc43050000 - 0x00007ffc43245000 	C:\Windows\SYSTEM32\ntdll.dll
0x00007ffc41840000 - 0x00007ffc418fe000 	C:\Windows\System32\KERNEL32.DLL
0x00007ffc40950000 - 0x00007ffc40c19000 	C:\Windows\System32\KERNELBASE.dll
0x00007ffc40de0000 - 0x00007ffc40ee0000 	C:\Windows\System32\ucrtbase.dll
0x00007ffbc1d60000 - 0x00007ffbc1d79000 	C:\Program Files\JetBrains\JetBrains Rider 2021.2.2\jbr\bin\jli.dll
0x00007ffc235e0000 - 0x00007ffc235f7000 	C:\Program Files\JetBrains\JetBrains Rider 2021.2.2\jbr\bin\VCRUNTIME140.dll
0x00007ffc42e60000 - 0x00007ffc43001000 	C:\Windows\System32\USER32.dll
0x00007ffc30960000 - 0x00007ffc30bfa000 	C:\Windows\WinSxS\amd64_microsoft.windows.common-controls_6595b64144ccf1df_6.0.19041.1110_none_60b5254171f9507e\COMCTL32.dll
0x00007ffc40770000 - 0x00007ffc40792000 	C:\Windows\System32\win32u.dll
0x00007ffc41be0000 - 0x00007ffc41c7e000 	C:\Windows\System32\msvcrt.dll
0x00007ffc414a0000 - 0x00007ffc414cb000 	C:\Windows\System32\GDI32.dll
0x00007ffc407a0000 - 0x00007ffc408ab000 	C:\Windows\System32\gdi32full.dll
0x00007ffc408b0000 - 0x00007ffc4094d000 	C:\Windows\System32\msvcp_win.dll
0x00007ffc42d80000 - 0x00007ffc42db0000 	C:\Windows\System32\IMM32.DLL
0x00007ffbc1bb0000 - 0x00007ffbc1c4d000 	C:\Program Files\JetBrains\JetBrains Rider 2021.2.2\jbr\bin\msvcp140.dll
0x00007ffc0b040000 - 0x00007ffc0bba8000 	C:\Program Files\JetBrains\JetBrains Rider 2021.2.2\jbr\bin\server\jvm.dll
0x00007ffc41db0000 - 0x00007ffc41e5c000 	C:\Windows\System32\ADVAPI32.dll
0x00007ffc41250000 - 0x00007ffc412eb000 	C:\Windows\System32\sechost.dll
0x00007ffc41a00000 - 0x00007ffc41b2a000 	C:\Windows\System32\RPCRT4.dll
0x00007ffc41350000 - 0x00007ffc41358000 	C:\Windows\System32\PSAPI.DLL
0x00007ffc37d50000 - 0x00007ffc37d5a000 	C:\Windows\SYSTEM32\VERSION.dll
0x00007ffc37d60000 - 0x00007ffc37d87000 	C:\Windows\SYSTEM32\WINMM.dll
0x00007ffc3a020000 - 0x00007ffc3a029000 	C:\Windows\SYSTEM32\WSOCK32.dll
0x00007ffc41900000 - 0x00007ffc4196b000 	C:\Windows\System32\WS2_32.dll
0x00007ffc3e850000 - 0x00007ffc3e862000 	C:\Windows\SYSTEM32\kernel.appcore.dll
0x00007ffc3be60000 - 0x00007ffc3be71000 	C:\Program Files\JetBrains\JetBrains Rider 2021.2.2\jbr\bin\verify.dll
0x00007ffc3e640000 - 0x00007ffc3e824000 	C:\Windows\SYSTEM32\DBGHELP.DLL
0x00007ffc2afe0000 - 0x00007ffc2b00c000 	C:\Windows\SYSTEM32\dbgcore.DLL
0x00007ffc40d20000 - 0x00007ffc40da3000 	C:\Windows\System32\bcryptPrimitives.dll
0x00007ffc2b590000 - 0x00007ffc2b5b9000 	C:\Program Files\JetBrains\JetBrains Rider 2021.2.2\jbr\bin\java.dll
0x00007ffc3be50000 - 0x00007ffc3be5b000 	C:\Program Files\JetBrains\JetBrains Rider 2021.2.2\jbr\bin\jimage.dll
0x00007ffc3a000000 - 0x00007ffc3a018000 	C:\Program Files\JetBrains\JetBrains Rider 2021.2.2\jbr\bin\zip.dll
0x00007ffc422e0000 - 0x00007ffc42a1f000 	C:\Windows\System32\SHELL32.dll
0x00007ffc3e870000 - 0x00007ffc3f000000 	C:\Windows\SYSTEM32\windows.storage.dll
0x00007ffc42a20000 - 0x00007ffc42d75000 	C:\Windows\System32\combase.dll
0x00007ffc401c0000 - 0x00007ffc401ec000 	C:\Windows\SYSTEM32\Wldp.dll
0x00007ffc42db0000 - 0x00007ffc42e5d000 	C:\Windows\System32\SHCORE.dll
0x00007ffc41440000 - 0x00007ffc41495000 	C:\Windows\System32\shlwapi.dll
0x00007ffc406b0000 - 0x00007ffc406cf000 	C:\Windows\SYSTEM32\profapi.dll
0x00007ffc2d990000 - 0x00007ffc2d9aa000 	C:\Program Files\JetBrains\JetBrains Rider 2021.2.2\jbr\bin\net.dll
0x00007ffc34ce0000 - 0x00007ffc34de8000 	C:\Windows\SYSTEM32\WINHTTP.dll
0x00007ffc3ff20000 - 0x00007ffc3ff8a000 	C:\Windows\system32\mswsock.dll
0x00007ffc2a8d0000 - 0x00007ffc2a8e4000 	C:\Program Files\JetBrains\JetBrains Rider 2021.2.2\jbr\bin\nio.dll

dbghelp: loaded successfully - version: 4.0.5 - missing functions: none
symbol engine: initialized successfully - sym options: 0x614 - pdb path: .;C:\Program Files\JetBrains\JetBrains Rider 2021.2.2\jbr\bin;C:\Windows\SYSTEM32;C:\Windows\WinSxS\amd64_microsoft.windows.common-controls_6595b64144ccf1df_6.0.19041.1110_none_60b5254171f9507e;C:\Program Files\JetBrains\JetBrains Rider 2021.2.2\jbr\bin\server

VM Arguments:
jvm_args: -Djava.rmi.server.hostname=127.0.0.1 -Duser.timezone=UTC -Djava.library.path=C:\Users\emre1\AppData\Local\JetBrains\Rider2021.2\jdbc-native-deps\SQL Server\9.4.0\sqlserver-win-auth\x64 -Xmx1500m -Xms128m -Dfile.encoding=UTF-8 
java_command: com.intellij.database.remote.RemoteJdbcServer com.microsoft.sqlserver.jdbc.SQLServerDriver
java_class_path (initial): C:\Program Files\JetBrains\JetBrains Rider 2021.2.2\lib\util.jar;C:\Program Files\JetBrains\JetBrains Rider 2021.2.2\lib\groovy-2.5.14.jar;C:\Program Files\JetBrains\JetBrains Rider 2021.2.2\plugins\DatabaseTools\lib\jdbc-console.jar;C:\Users\emre1\AppData\Roaming\JetBrains\Rider2021.2\jdbc-drivers\SQL Server\9.4.0\mssql-jdbc-9.4.0.jre8.jar
Launcher Type: SUN_STANDARD

[Global flags]
     intx CICompilerCount                          = 4                                         {product} {ergonomic}
     uint ConcGCThreads                            = 3                                         {product} {ergonomic}
     uint G1ConcRefinementThreads                  = 10                                        {product} {ergonomic}
   size_t G1HeapRegionSize                         = 1048576                                   {product} {ergonomic}
    uintx GCDrainStackTargetSize                   = 64                                        {product} {ergonomic}
   size_t InitialHeapSize                          = 134217728                                 {product} {command line}
   size_t MarkStackSize                            = 4194304                                   {product} {ergonomic}
   size_t MaxHeapSize                              = 1572864000                                {product} {command line}
   size_t MaxNewSize                               = 943718400                                 {product} {ergonomic}
   size_t MinHeapDeltaBytes                        = 1048576                                   {product} {ergonomic}
    uintx NonNMethodCodeHeapSize                   = 5836300                                {pd product} {ergonomic}
    uintx NonProfiledCodeHeapSize                  = 122910970                              {pd product} {ergonomic}
    uintx ProfiledCodeHeapSize                     = 122910970                              {pd product} {ergonomic}
    uintx ReservedCodeCacheSize                    = 251658240                              {pd product} {ergonomic}
     bool SegmentedCodeCache                       = true                                      {product} {ergonomic}
     bool UseCompressedClassPointers               = true                                 {lp64_product} {ergonomic}
     bool UseCompressedOops                        = true                                 {lp64_product} {ergonomic}
     bool UseG1GC                                  = true                                      {product} {ergonomic}
     bool UseLargePagesIndividualAllocation        = false                                  {pd product} {ergonomic}

Logging:
Log output configuration:
 #0: stdout all=warning uptime,level,tags
 #1: stderr all=off uptime,level,tags

Environment Variables:
PATH=C:\Program Files\Java\jre1.8.0_301\bin;C:\ProgramData\Oracle\Java\javapath;C:\Program Files (x86)\Common Files\Intel\Shared Libraries\redist\intel64\compiler;C:\Windows\system32;C:\Windows;C:\Windows\System32\Wbem;C:\Windows\System32\WindowsPowerShell\v1.0\;C:\Windows\System32\OpenSSH\;C:\Program Files (x86)\NVIDIA Corporation\PhysX\Common;C:\Program Files\NVIDIA Corporation\NVIDIA NvDLISR;C:\Program Files\nodejs\;C:\Program Files\Microsoft SQL Server\130\Tools\Binn\;C:\Program Files\Git\cmd;C:\Program Files\dotnet\;C:\Program Files\Microsoft SQL Server\Client SDK\ODBC\170\Tools\Binn\;C:\Users\emre1\AppData\Local\Programs\Python\Python39\Scripts\;C:\Users\emre1\AppData\Local\Programs\Python\Python39\;C:\Users\emre1\AppData\Local\Microsoft\WindowsApps;C:\Users\emre1\AppData\Roaming\npm;C:\Users\emre1\AppData\Local\Programs\Microsoft VS Code\bin;C:\Users\emre1\.dotnet\tools;C:\Users\emre1\AppData\Local\JetBrains\Rider2021.2\jdbc-native-deps\SQL Server\9.4.0\sqlserver-win-auth\x64
USERNAME=emre1
OS=Windows_NT
PROCESSOR_IDENTIFIER=AMD64 Family 23 Model 96 Stepping 1, AuthenticAMD



---------------  S Y S T E M  ---------------

OS: Windows 10 , 64 bit Build 19041 (10.0.19041.1202)
OS uptime: 2 days 22:06 hours

CPU:total 12 (initial active 12) (12 cores per cpu, 2 threads per core) family 23 model 96 stepping 1 microcode 0x0, cmov, cx8, fxsr, mmx, sse, sse2, sse3, ssse3, sse4.1, sse4.2, popcnt, avx, avx2, aes, clmul, mmxext, 3dnowpref, lzcnt, sse4a, ht, tsc, tscinvbit, tscinv, bmi1, bmi2, adx, sha, fma

Memory: 4k page, system-wide physical 7549M (3113M free)
TotalPageFile size 15549M (AvailPageFile size 1M)
current process WorkingSet (physical memory assigned to process): 41M, peak: 41M
current process commit charge ("private bytes"): 211M, peak: 211M

vm_info: Dynamic Code Evolution 64-Bit Server VM (11.0.12+7-b1504.28) for windows-amd64 JRE (11.0.12+7-b1504.28), built on Sep  3 2021 08:06:30 by "" with MS VC++ 14.0 (VS2015)

END.
