#
# There is insufficient memory for the Java Runtime Environment to continue.
# Native memory allocation (mmap) failed to map 134217728 bytes for Failed to commit area from 0x00000000a2400000 to 0x00000000aa400000 of length 134217728.
# Possible reasons:
#   The system is out of physical RAM or swap space
#   The process is running with CompressedOops enabled, and the Java Heap may be blocking the growth of the native heap
# Possible solutions:
#   Reduce memory load on the system
#   Increase physical memory or swap space
#   Check if swap backing store is full
#   Decrease Java heap size (-Xmx/-Xms)
#   Decrease number of Java threads
#   Decrease Java thread stack sizes (-Xss)
#   Set larger code cache with -XX:ReservedCodeCacheSize=
# This output file may be truncated or incomplete.
#
#  Out of Memory Error (./src/hotspot/os/windows/os_windows.cpp:3521), pid=22184, tid=11348
#
# JRE version:  (11.0.12+7) (build )
# Java VM: Dynamic Code Evolution 64-Bit Server VM (11.0.12+7-b1504.28, mixed mode, sharing, tiered, compressed oops, g1 gc, windows-amd64)
# No core dump will be written. Minidumps are not enabled by default on client versions of Windows
#

---------------  S U M M A R Y ------------

Command Line: -Djava.rmi.server.hostname=127.0.0.1 -Duser.timezone=UTC -Djava.library.path=C:\Users\emre1\AppData\Local\JetBrains\Rider2021.2\jdbc-native-deps\SQL Server\9.4.0\sqlserver-win-auth\x64 -Xmx1500m -Xms128m -Dfile.encoding=UTF-8 com.intellij.database.remote.RemoteJdbcServer com.microsoft.sqlserver.jdbc.SQLServerDriver

Host: AMD Ryzen 5 4600H with Radeon Graphics         , 12 cores, 7G,  Windows 10 , 64 bit Build 19041 (10.0.19041.1202)
Time: Wed Nov 10 21:35:13 2021 Turkey Standard Time elapsed time: 0.014244 seconds (0d 0h 0m 0s)

---------------  T H R E A D  ---------------

Current thread (0x0000016bcd92d800):  JavaThread "Unknown thread" [_thread_in_vm, id=11348, stack(0x0000001947000000,0x0000001947100000)]

Stack: [0x0000001947000000,0x0000001947100000]
Native frames: (J=compiled Java code, j=interpreted, Vv=VM code, C=native code)
V  [jvm.dll+0x60b23a]
V  [jvm.dll+0x78ffa5]
V  [jvm.dll+0x7915bd]
V  [jvm.dll+0x791c73]
V  [jvm.dll+0x24da48]
V  [jvm.dll+0x6085f4]
V  [jvm.dll+0x5fd1c5]
V  [jvm.dll+0x30d55b]
V  [jvm.dll+0x30d4ca]
V  [jvm.dll+0x30d3a2]
V  [jvm.dll+0x312306]
V  [jvm.dll+0x35b493]
V  [jvm.dll+0x35bb96]
V  [jvm.dll+0x35b593]
V  [jvm.dll+0x2e6e68]
V  [jvm.dll+0x2e8007]
V  [jvm.dll+0x76e657]
V  [jvm.dll+0x76ff2c]
V  [jvm.dll+0x368a19]
V  [jvm.dll+0x751ece]
V  [jvm.dll+0x3d1803]
V  [jvm.dll+0x3d3bd1]
C  [jli.dll+0x536b]
C  [ucrtbase.dll+0x21bb2]
C  [KERNEL32.DLL+0x17034]
C  [ntdll.dll+0x52651]


---------------  P R O C E S S  ---------------

Threads class SMR info:
_java_thread_list=0x0000016bcb675040, length=0, elements={
}

Java Threads: ( => current thread )

Other Threads:
  0x0000016bcd946000 GCTaskThread "GC Thread#0" [stack: 0x0000001947100000,0x0000001947200000] [id=18080]
  0x0000016bcd96d800 ConcurrentGCThread "G1 Main Marker" [stack: 0x0000001947200000,0x0000001947300000] [id=12392]
  0x0000016bcd970000 ConcurrentGCThread "G1 Conc#0" [stack: 0x0000001947300000,0x0000001947400000] [id=18424]

[error occurred during error reporting (printing all threads), id 0xc0000005, EXCEPTION_ACCESS_VIOLATION (0xc0000005) at pc=0x00007ffc0b337607]

VM state:not at safepoint (not fully initialized)

VM Mutex/Monitor currently owned by a thread:  ([mutex/lock_event])
[0x0000016bcd92aa60] Heap_lock - owner thread: 0x0000016bcd92d800

Heap address: 0x00000000a2400000, size: 1500 MB, Compressed Oops mode: Non-zero based: 0x00000000a2400000
Narrow klass base: 0x0000000000000000, Narrow klass shift: 0

GC Heap History (0 events):
No events

Deoptimization events (0 events):
No events

Classes redefined (0 events):
No events

Internal exceptions (0 events):
No events

Events (1 events):
Event: 0.010 Loaded shared library C:\Program Files\JetBrains\JetBrains Rider 2021.2.2\jbr\bin\zip.dll


Dynamic libraries:
0x00007ff7957c0000 - 0x00007ff7957ca000 	C:\Program Files\JetBrains\JetBrains Rider 2021.2.2\jbr\bin\java.exe
0x00007ffc43050000 - 0x00007ffc43245000 	C:\Windows\SYSTEM32\ntdll.dll
0x00007ffc41840000 - 0x00007ffc418fe000 	C:\Windows\System32\KERNEL32.DLL
0x00007ffc40950000 - 0x00007ffc40c19000 	C:\Windows\System32\KERNELBASE.dll
0x00007ffc40de0000 - 0x00007ffc40ee0000 	C:\Windows\System32\ucrtbase.dll
0x00007ffc235f0000 - 0x00007ffc23607000 	C:\Program Files\JetBrains\JetBrains Rider 2021.2.2\jbr\bin\VCRUNTIME140.dll
0x00007ffbc17d0000 - 0x00007ffbc17e9000 	C:\Program Files\JetBrains\JetBrains Rider 2021.2.2\jbr\bin\jli.dll
0x00007ffc30960000 - 0x00007ffc30bfa000 	C:\Windows\WinSxS\amd64_microsoft.windows.common-controls_6595b64144ccf1df_6.0.19041.1110_none_60b5254171f9507e\COMCTL32.dll
0x00007ffc42e60000 - 0x00007ffc43001000 	C:\Windows\System32\USER32.dll
0x00007ffc41be0000 - 0x00007ffc41c7e000 	C:\Windows\System32\msvcrt.dll
0x00007ffc414a0000 - 0x00007ffc414cb000 	C:\Windows\System32\GDI32.dll
0x00007ffc40770000 - 0x00007ffc40792000 	C:\Windows\System32\win32u.dll
0x00007ffc407a0000 - 0x00007ffc408ab000 	C:\Windows\System32\gdi32full.dll
0x00007ffc408b0000 - 0x00007ffc4094d000 	C:\Windows\System32\msvcp_win.dll
0x00007ffc42d80000 - 0x00007ffc42db0000 	C:\Windows\System32\IMM32.DLL
0x00007ffbc1730000 - 0x00007ffbc17cd000 	C:\Program Files\JetBrains\JetBrains Rider 2021.2.2\jbr\bin\msvcp140.dll
0x00007ffc0b040000 - 0x00007ffc0bba8000 	C:\Program Files\JetBrains\JetBrains Rider 2021.2.2\jbr\bin\server\jvm.dll
0x00007ffc41db0000 - 0x00007ffc41e5c000 	C:\Windows\System32\ADVAPI32.dll
0x00007ffc41250000 - 0x00007ffc412eb000 	C:\Windows\System32\sechost.dll
0x00007ffc41a00000 - 0x00007ffc41b2a000 	C:\Windows\System32\RPCRT4.dll
0x00007ffc41350000 - 0x00007ffc41358000 	C:\Windows\System32\PSAPI.DLL
0x00007ffc37d50000 - 0x00007ffc37d5a000 	C:\Windows\SYSTEM32\VERSION.dll
0x00007ffc3a020000 - 0x00007ffc3a029000 	C:\Windows\SYSTEM32\WSOCK32.dll
0x00007ffc37d60000 - 0x00007ffc37d87000 	C:\Windows\SYSTEM32\WINMM.dll
0x00007ffc41900000 - 0x00007ffc4196b000 	C:\Windows\System32\WS2_32.dll
0x00007ffc3e850000 - 0x00007ffc3e862000 	C:\Windows\SYSTEM32\kernel.appcore.dll
0x00007ffc3be60000 - 0x00007ffc3be71000 	C:\Program Files\JetBrains\JetBrains Rider 2021.2.2\jbr\bin\verify.dll
0x00007ffc3e640000 - 0x00007ffc3e824000 	C:\Windows\SYSTEM32\DBGHELP.DLL
0x00007ffc2afe0000 - 0x00007ffc2b00c000 	C:\Windows\SYSTEM32\dbgcore.DLL
0x00007ffc40d20000 - 0x00007ffc40da3000 	C:\Windows\System32\bcryptPrimitives.dll
0x00007ffc2b590000 - 0x00007ffc2b5b9000 	C:\Program Files\JetBrains\JetBrains Rider 2021.2.2\jbr\bin\java.dll
0x00007ffc3be50000 - 0x00007ffc3be5b000 	C:\Program Files\JetBrains\JetBrains Rider 2021.2.2\jbr\bin\jimage.dll
0x00007ffc3a000000 - 0x00007ffc3a018000 	C:\Program Files\JetBrains\JetBrains Rider 2021.2.2\jbr\bin\zip.dll

dbghelp: loaded successfully - version: 4.0.5 - missing functions: none
symbol engine: initialized successfully - sym options: 0x614 - pdb path: .;C:\Program Files\JetBrains\JetBrains Rider 2021.2.2\jbr\bin;C:\Windows\SYSTEM32;C:\Windows\WinSxS\amd64_microsoft.windows.common-controls_6595b64144ccf1df_6.0.19041.1110_none_60b5254171f9507e;C:\Program Files\JetBrains\JetBrains Rider 2021.2.2\jbr\bin\server

VM Arguments:
jvm_args: -Djava.rmi.server.hostname=127.0.0.1 -Duser.timezone=UTC -Djava.library.path=C:\Users\emre1\AppData\Local\JetBrains\Rider2021.2\jdbc-native-deps\SQL Server\9.4.0\sqlserver-win-auth\x64 -Xmx1500m -Xms128m -Dfile.encoding=UTF-8 
java_command: com.intellij.database.remote.RemoteJdbcServer com.microsoft.sqlserver.jdbc.SQLServerDriver
java_class_path (initial): C:\Program Files\JetBrains\JetBrains Rider 2021.2.2\lib\util.jar;C:\Program Files\JetBrains\JetBrains Rider 2021.2.2\lib\groovy-2.5.14.jar;C:\Program Files\JetBrains\JetBrains Rider 2021.2.2\plugins\DatabaseTools\lib\jdbc-console.jar;C:\Users\emre1\AppData\Roaming\JetBrains\Rider2021.2\jdbc-drivers\SQL Server\9.4.0\mssql-jdbc-9.4.0.jre8.jar
Launcher Type: SUN_STANDARD

[Global flags]
     intx CICompilerCount                          = 4                                         {product} {ergonomic}
     uint ConcGCThreads                            = 3                                         {product} {ergonomic}
     uint G1ConcRefinementThreads                  = 10                                        {product} {ergonomic}
   size_t G1HeapRegionSize                         = 1048576                                   {product} {ergonomic}
    uintx GCDrainStackTargetSize                   = 64                                        {product} {ergonomic}
   size_t InitialHeapSize                          = 134217728                                 {product} {command line}
   size_t MarkStackSize                            = 4194304                                   {product} {ergonomic}
   size_t MaxHeapSize                              = 1572864000                                {product} {command line}
   size_t MinHeapDeltaBytes                        = 1048576                                   {product} {ergonomic}
    uintx NonNMethodCodeHeapSize                   = 5836300                                {pd product} {ergonomic}
    uintx NonProfiledCodeHeapSize                  = 122910970                              {pd product} {ergonomic}
    uintx ProfiledCodeHeapSize                     = 122910970                              {pd product} {ergonomic}
    uintx ReservedCodeCacheSize                    = 251658240                              {pd product} {ergonomic}
     bool SegmentedCodeCache                       = true                                      {product} {ergonomic}
     bool UseCompressedClassPointers               = true                                 {lp64_product} {ergonomic}
     bool UseCompressedOops                        = true                                 {lp64_product} {ergonomic}
     bool UseG1GC                                  = true                                      {product} {ergonomic}
     bool UseLargePagesIndividualAllocation        = false                                  {pd product} {ergonomic}

Logging:
Log output configuration:
 #0: stdout all=warning uptime,level,tags
 #1: stderr all=off uptime,level,tags

Environment Variables:
PATH=C:\Program Files\Java\jre1.8.0_301\bin;C:\ProgramData\Oracle\Java\javapath;C:\Program Files (x86)\Common Files\Intel\Shared Libraries\redist\intel64\compiler;C:\Windows\system32;C:\Windows;C:\Windows\System32\Wbem;C:\Windows\System32\WindowsPowerShell\v1.0\;C:\Windows\System32\OpenSSH\;C:\Program Files (x86)\NVIDIA Corporation\PhysX\Common;C:\Program Files\NVIDIA Corporation\NVIDIA NvDLISR;C:\Program Files\nodejs\;C:\Program Files\Microsoft SQL Server\130\Tools\Binn\;C:\Program Files\Git\cmd;C:\Program Files\dotnet\;C:\Program Files\Microsoft SQL Server\Client SDK\ODBC\170\Tools\Binn\;C:\Users\emre1\AppData\Local\Programs\Python\Python39\Scripts\;C:\Users\emre1\AppData\Local\Programs\Python\Python39\;C:\Users\emre1\AppData\Local\Microsoft\WindowsApps;C:\Users\emre1\AppData\Roaming\npm;C:\Users\emre1\AppData\Local\Programs\Microsoft VS Code\bin;C:\Users\emre1\.dotnet\tools;C:\Users\emre1\AppData\Local\JetBrains\Rider2021.2\jdbc-native-deps\SQL Server\9.4.0\sqlserver-win-auth\x64
USERNAME=emre1
OS=Windows_NT
PROCESSOR_IDENTIFIER=AMD64 Family 23 Model 96 Stepping 1, AuthenticAMD



---------------  S Y S T E M  ---------------

OS: Windows 10 , 64 bit Build 19041 (10.0.19041.1202)
OS uptime: 2 days 21:59 hours

CPU:total 12 (initial active 12) (12 cores per cpu, 2 threads per core) family 23 model 96 stepping 1 microcode 0x0, cmov, cx8, fxsr, mmx, sse, sse2, sse3, ssse3, sse4.1, sse4.2, popcnt, avx, avx2, aes, clmul, mmxext, 3dnowpref, lzcnt, sse4a, ht, tsc, tscinvbit, tscinv, bmi1, bmi2, adx, sha, fma

Memory: 4k page, system-wide physical 7549M (644M free)
TotalPageFile size 15549M (AvailPageFile size 129M)
current process WorkingSet (physical memory assigned to process): 10M, peak: 10M
current process commit charge ("private bytes"): 63M, peak: 191M

vm_info: Dynamic Code Evolution 64-Bit Server VM (11.0.12+7-b1504.28) for windows-amd64 JRE (11.0.12+7-b1504.28), built on Sep  3 2021 08:06:30 by "" with MS VC++ 14.0 (VS2015)

END.
